生成启动时间为 2014/7/21 22:01:15。
     1>项目“E:\project\常用数据结构实现\常用数据结构实现\常用数据结构实现.vcxproj”在节点 2 上(build 个目标)。
     1>InitializeBuildStatus:
         正在创建“Debug\二叉树.unsuccessfulbuild”，因为已指定“AlwaysCreate”。
       ClCompile:
         D:\Program Files (x86)\Microsoft Visual Studio 10.0\VC\bin\CL.exe /c /ZI /nologo /W3 /WX- /Od /Oy- /D WIN32 /D _DEBUG /D _CONSOLE /D _UNICODE /D UNICODE /Gm /EHsc /RTC1 /MDd /GS /fp:precise /Zc:wchar_t /Zc:forScope /Fo"Debug\\" /Fd"Debug\vc100.pdb" /Gd /TP /analyze- /errorReport:prompt BiTree.cpp main.cpp
         BiTree.cpp
         正在生成代码...
         正在编译...
         main.cpp
         正在生成代码...
       ManifestResourceCompile:
         所有输出均为最新。
       Link:
         D:\Program Files (x86)\Microsoft Visual Studio 10.0\VC\bin\link.exe /ERRORREPORT:PROMPT /OUT:"E:\project\常用数据结构实现\Debug\二叉树.exe" /INCREMENTAL /NOLOGO kernel32.lib user32.lib gdi32.lib winspool.lib comdlg32.lib advapi32.lib shell32.lib ole32.lib oleaut32.lib uuid.lib odbc32.lib odbccp32.lib /MANIFEST /ManifestFile:"Debug\二叉树.exe.intermediate.manifest" /MANIFESTUAC:"level='asInvoker' uiAccess='false'" /DEBUG /PDB:"E:\project\常用数据结构实现\Debug\二叉树.pdb" /SUBSYSTEM:CONSOLE /TLBID:1 /DYNAMICBASE /NXCOMPAT /IMPLIB:"E:\project\常用数据结构实现\Debug\二叉树.lib" /MACHINE:X86 "Debug\二叉树.exe.embed.manifest.res"
         Debug\BiTree.obj
         Debug\main.obj
       Manifest:
         C:\Program Files (x86)\Microsoft SDKs\Windows\v7.0A\bin\mt.exe /nologo /verbose /out:"Debug\二叉树.exe.embed.manifest" /manifest "Debug\二叉树.exe.intermediate.manifest"
         所有输出均为最新。
       LinkEmbedManifest:
         所有输出均为最新。
         常用数据结构实现.vcxproj -> E:\project\常用数据结构实现\Debug\二叉树.exe
       FinalizeBuildStatus:
         正在删除文件“Debug\二叉树.unsuccessfulbuild”。
         正在对“Debug\二叉树.lastbuildstate”执行 Touch 任务。
     1>已完成生成项目“E:\project\常用数据结构实现\常用数据结构实现\常用数据结构实现.vcxproj”(build 个目标)的操作。

生成成功。

已用时间 00:00:01.23
