生成启动时间为 2014/7/31 21:03:51。
     1>项目“E:\project\常用数据结构实现\图_邻接矩阵_遍历\图_邻接矩阵_遍历.vcxproj”在节点 2 上(build 个目标)。
     1>InitializeBuildStatus:
         正在创建“Debug\图_邻接矩阵_遍历.unsuccessfulbuild”，因为已指定“AlwaysCreate”。
       ClCompile:
         D:\Program Files (x86)\Microsoft Visual Studio 10.0\VC\bin\CL.exe /c /ZI /nologo /W3 /WX- /Od /Oy- /D WIN32 /D _DEBUG /D _CONSOLE /D _UNICODE /D UNICODE /Gm /EHsc /RTC1 /MDd /GS /fp:precise /Zc:wchar_t /Zc:forScope /Fo"Debug\\" /Fd"Debug\vc100.pdb" /Gd /TP /analyze- /errorReport:prompt AdjMGraph.cpp
         AdjMGraph.cpp
     1>e:\project\常用数据结构实现\图_邻接矩阵_遍历\adjmgraph.cpp(28): warning C4018: “>”: 有符号/无符号不匹配
     1>e:\project\常用数据结构实现\图_邻接矩阵_遍历\adjmgraph.cpp(28): warning C4018: “>”: 有符号/无符号不匹配
     1>e:\project\常用数据结构实现\图_邻接矩阵_遍历\adjmgraph.cpp(36): warning C4018: “>”: 有符号/无符号不匹配
     1>e:\project\常用数据结构实现\图_邻接矩阵_遍历\adjmgraph.cpp(36): warning C4018: “>”: 有符号/无符号不匹配
     1>e:\project\常用数据结构实现\图_邻接矩阵_遍历\adjmgraph.cpp(48): warning C4101: “x”: 未引用的局部变量
     1>e:\project\常用数据结构实现\图_邻接矩阵_遍历\adjmgraph.cpp(71): warning C4018: “>”: 有符号/无符号不匹配
     1>e:\project\常用数据结构实现\图_邻接矩阵_遍历\adjmgraph.cpp(74): warning C4018: “<”: 有符号/无符号不匹配
     1>e:\project\常用数据结构实现\图_邻接矩阵_遍历\adjmgraph.cpp(83): warning C4018: “>”: 有符号/无符号不匹配
     1>e:\project\常用数据结构实现\图_邻接矩阵_遍历\adjmgraph.cpp(83): warning C4018: “>”: 有符号/无符号不匹配
     1>e:\project\常用数据结构实现\图_邻接矩阵_遍历\adjmgraph.cpp(86): warning C4018: “<”: 有符号/无符号不匹配
     1>e:\project\常用数据结构实现\图_邻接矩阵_遍历\adjmgraph.cpp(113): warning C4018: “<”: 有符号/无符号不匹配
     1>e:\project\常用数据结构实现\图_邻接矩阵_遍历\adjmgraph.cpp(115): warning C4018: “<”: 有符号/无符号不匹配
     1>e:\project\常用数据结构实现\图_邻接矩阵_遍历\adjmgraph.cpp(155): warning C4018: “<”: 有符号/无符号不匹配
     1>e:\project\常用数据结构实现\图_邻接矩阵_遍历\adjmgraph.cpp(157): warning C4018: “<”: 有符号/无符号不匹配
       ManifestResourceCompile:
         所有输出均为最新。
       Link:
         D:\Program Files (x86)\Microsoft Visual Studio 10.0\VC\bin\link.exe /ERRORREPORT:PROMPT /OUT:"E:\project\常用数据结构实现\Debug\图_邻接矩阵_遍历.exe" /INCREMENTAL /NOLOGO kernel32.lib user32.lib gdi32.lib winspool.lib comdlg32.lib advapi32.lib shell32.lib ole32.lib oleaut32.lib uuid.lib odbc32.lib odbccp32.lib /MANIFEST /ManifestFile:"Debug\图_邻接矩阵_遍历.exe.intermediate.manifest" /MANIFESTUAC:"level='asInvoker' uiAccess='false'" /DEBUG /PDB:"E:\project\常用数据结构实现\Debug\图_邻接矩阵_遍历.pdb" /SUBSYSTEM:CONSOLE /TLBID:1 /DYNAMICBASE /NXCOMPAT /IMPLIB:"E:\project\常用数据结构实现\Debug\图_邻接矩阵_遍历.lib" /MACHINE:X86 "Debug\图_邻接矩阵_遍历.exe.embed.manifest.res"
         Debug\AdjMGraph.obj
         Debug\CreateGraph.obj
         Debug\main.obj
       Manifest:
         C:\Program Files (x86)\Microsoft SDKs\Windows\v7.0A\bin\mt.exe /nologo /verbose /out:"Debug\图_邻接矩阵_遍历.exe.embed.manifest" /manifest "Debug\图_邻接矩阵_遍历.exe.intermediate.manifest"
         所有输出均为最新。
       LinkEmbedManifest:
         所有输出均为最新。
         图_邻接矩阵_遍历.vcxproj -> E:\project\常用数据结构实现\Debug\图_邻接矩阵_遍历.exe
       FinalizeBuildStatus:
         正在删除文件“Debug\图_邻接矩阵_遍历.unsuccessfulbuild”。
         正在对“Debug\图_邻接矩阵_遍历.lastbuildstate”执行 Touch 任务。
     1>已完成生成项目“E:\project\常用数据结构实现\图_邻接矩阵_遍历\图_邻接矩阵_遍历.vcxproj”(build 个目标)的操作。

生成成功。

已用时间 00:00:01.11
